Last login: Mon Sep 14 15:36:49 on ttys000

The default interactive shell is now zsh.
To update your account to use zsh, please run `chsh -s /bin/zsh`.
For more details, please visit https://support.apple.com/kb/HT208050.
Minhs-MacBook-Pro-2:~ minh$ cd desktop
Minhs-MacBook-Pro-2:desktop minh$ cd blog
Minhs-MacBook-Pro-2:blog minh$ git clone git@github.com:JimmydaCoder/blogger.git
Cloning into 'blogger'...
Enter passphrase for key '/Users/minh/.ssh/id_rsa': 
remote: Enumerating objects: 3, done.
remote: Counting objects: 100% (3/3), done.
remote: Total 3 (delta 0), reused 0 (delta 0), pack-reused 0
Receiving objects: 100% (3/3), done.
Minhs-MacBook-Pro-2:blog minh$ git remote -v
fatal: not a git repository (or any of the parent directories): .git
Minhs-MacBook-Pro-2:blog minh$ cd blogger
Minhs-MacBook-Pro-2:blogger minh$ gite remote -v
-bash: gite: command not found
Minhs-MacBook-Pro-2:blogger minh$ git remote -v
origin	git@github.com:JimmydaCoder/blogger.git (fetch)
origin	git@github.com:JimmydaCoder/blogger.git (push)
Minhs-MacBook-Pro-2:blogger minh$ git add.
git: 'add.' is not a git command. See 'git --help'.

The most similar command is
	add
Minhs-MacBook-Pro-2:blogger minh$ git add.
git: 'add.' is not a git command. See 'git --help'.

The most similar command is
	add
Minhs-MacBook-Pro-2:blogger minh$ git add
Nothing specified, nothing added.
hint: Maybe you wanted to say 'git add .'?
hint: Turn this message off by running
hint: "git config advice.addEmptyPathspec false"
Minhs-MacBook-Pro-2:blogger minh$ git add .
Minhs-MacBook-Pro-2:blogger minh$ git commit-m "Test"
git: 'commit-m' is not a git command. See 'git --help'.

The most similar command is
	commit-tree
Minhs-MacBook-Pro-2:blogger minh$ git commit-m"description"
git: 'commit-mdescription' is not a git command. See 'git --help'.
Minhs-MacBook-Pro-2:blogger minh$ git commit -m "test"
[master c0fc529] test
 2 files changed, 13 insertions(+)
 create mode 100644 .DS_Store
 create mode 100644 Untitled.code-workspace
Minhs-MacBook-Pro-2:blogger minh$ git push
Enter passphrase for key '/Users/minh/.ssh/id_rsa': 
Enumerating objects: 5, done.
Counting objects: 100% (5/5), done.
Delta compression using up to 4 threads
Compressing objects: 100% (4/4), done.
Writing objects: 100% (4/4), 788 bytes | 788.00 KiB/s, done.
Total 4 (delta 0), reused 0 (delta 0), pack-reused 0
To github.com:JimmydaCoder/blogger.git
   68171ac..c0fc529  master -> master
Minhs-MacBook-Pro-2:blogger minh$ pwc
-bash: pwc: command not found
Minhs-MacBook-Pro-2:blogger minh$ cd desktopp
-bash: cd: desktopp: No such file or directory
Minhs-MacBook-Pro-2:blogger minh$ pwd
/Users/minh/desktop/blog/blogger
Minhs-MacBook-Pro-2:blogger minh$ rails new blogger
      create  
      create  README.md
      create  Rakefile
      create  .ruby-version
      create  config.ru
      create  .gitignore
      create  Gemfile
         run  git init from "."
Initialized empty Git repository in /Users/minh/Desktop/blog/blogger/blogger/.git/
      create  package.json
      create  app
      create  app/assets/config/manifest.js
      create  app/assets/stylesheets/application.css
      create  app/channels/application_cable/channel.rb
      create  app/channels/application_cable/connection.rb
      create  app/controllers/application_controller.rb
      create  app/helpers/application_helper.rb
      create  app/javascript/channels/consumer.js
      create  app/javascript/channels/index.js
      create  app/javascript/packs/application.js
      create  app/jobs/application_job.rb
      create  app/mailers/application_mailer.rb
      create  app/models/application_record.rb
      create  app/views/layouts/application.html.erb
      create  app/views/layouts/mailer.html.erb
      create  app/views/layouts/mailer.text.erb
      create  app/assets/images
      create  app/assets/images/.keep
      create  app/controllers/concerns/.keep
      create  app/models/concerns/.keep
      create  bin
      create  bin/rails
      create  bin/rake
      create  bin/setup
      create  bin/yarn
      create  config
      create  config/routes.rb
      create  config/application.rb
      create  config/environment.rb
      create  config/cable.yml
      create  config/puma.rb
      create  config/spring.rb
      create  config/storage.yml
      create  config/environments
      create  config/environments/development.rb
      create  config/environments/production.rb
      create  config/environments/test.rb
      create  config/initializers
      create  config/initializers/application_controller_renderer.rb
      create  config/initializers/assets.rb
      create  config/initializers/backtrace_silencers.rb
      create  config/initializers/content_security_policy.rb
      create  config/initializers/cookies_serializer.rb
      create  config/initializers/cors.rb
      create  config/initializers/filter_parameter_logging.rb
      create  config/initializers/inflections.rb
      create  config/initializers/mime_types.rb
      create  config/initializers/new_framework_defaults_6_0.rb
      create  config/initializers/wrap_parameters.rb
      create  config/locales
      create  config/locales/en.yml
      create  config/master.key
      append  .gitignore
c      create  config/boot.rb
      create  config/database.yml
      create  db
      create  db/seeds.rb
      create  lib
      create  lib/tasks
      create  lib/tasks/.keep
      create  lib/assets
      create  lib/assets/.keep
      create  log
      create  log/.keep
      create  public
      create  public/404.html
      create  public/422.html
      create  public/500.html
      create  public/apple-touch-icon-precomposed.png
      create  public/apple-touch-icon.png
      create  public/favicon.ico
      create  public/robots.txt
      create  tmp
      create  tmp/.keep
      create  tmp/pids
      create  tmp/pids/.keep
      create  tmp/cache
      create  tmp/cache/assets
      create  vendor
      create  vendor/.keep
      create  test/fixtures
      create  test/fixtures/.keep
      create  test/fixtures/files
      create  test/fixtures/files/.keep
      create  test/controllers
      create  test/controllers/.keep
      create  test/mailers
      create  test/mailers/.keep
      create  test/models
      create  test/models/.keep
      create  test/helpers
      create  test/helpers/.keep
      create  test/integration
      create  test/integration/.keep
      create  test/channels/application_cable/connection_test.rb
      create  test/test_helper.rb
      create  test/system
      create  test/system/.keep
      create  test/application_system_test_case.rb
      create  storage
      create  storage/.keep
      create  tmp/storage
      create  tmp/storage/.keep
      remove  config/initializers/cors.rb
      remove  config/initializers/new_framework_defaults_6_0.rb
         run  bundle install
dThe dependency tzinfo-data (>= 0) will be unused by any of the platforms Bundler is installing for. Bundler is installing for ruby but the dependency is only for x86-mingw32, x86-mswin32, x64-mingw32, java. To add those platforms to the bundle, run `bundle lock --add-platform x86-mingw32 x86-mswin32 x64-mingw32 java`.
^R
Fetching gem metadata from https://rubygems.org/..c.d.........
Fetching gem metadata from https://rubygems.org/.
Resolving dependencies....
Using rake 13.0.1
Following files may not be writable, so sudo is needed:
  /Library/Ruby/Gems/2.6.0
  /Library/Ruby/Gems/2.6.0/build_info
  /Library/Ruby/Gems/2.6.0/cache
  /Library/Ruby/Gems/2.6.0/doc
  /Library/Ruby/Gems/2.6.0/extensions
  /Library/Ruby/Gems/2.6.0/gems
  /Library/Ruby/Gems/2.6.0/specifications
Using concurrent-ruby 1.1.7
Using i18n 1.8.5
Using minitest 5.14.2
Using thread_safe 0.3.6
Using tzinfo 1.2.7
Using zeitwerk 2.4.0
Using activesupport 6.0.3.3
Using builder 3.2.4
Using erubi 1.9.0
Using mini_portile2 2.4.0
Using nokogiri 1.10.10
Using rails-dom-testing 2.0.3
Using crass 1.0.6
Using loofah 2.7.0
Using rails-html-sanitizer 1.3.0
Using actionview 6.0.3.3
Using rack 2.2.3
Using rack-test 1.1.0
Using actionpack 6.0.3.3
Using nio4r 2.5.3
Using websocket-extensions 0.1.5
Using websocket-driver 0.7.3
Using actioncable 6.0.3.3
Using globalid 0.4.2
Using activejob 6.0.3.3
Using activemodel 6.0.3.3
Using activerecord 6.0.3.3
Using mimemagic 0.3.5
Using marcel 0.3.3
Using activestorage 6.0.3.3
Using mini_mime 1.0.2
Using mail 2.7.1
Using actionmailbox 6.0.3.3
Using actionmailer 6.0.3.3
Using actiontext 6.0.3.3
Using public_suffix 4.0.6
Using addressable 2.7.0
Using bindex 0.8.1
Using msgpack 1.3.3
Using bootsnap 1.4.8
Using bundler 1.17.2
Using byebug 11.1.3
Using regexp_parser 1.7.1
Using xpath 3.2.0
Using capybara 3.33.0
Using childprocess 3.0.0
Using ffi 1.13.1
Using jbuilder 2.10.1
Using rb-fsevent 0.10.4
Using rb-inotify 0.10.1
Using listen 3.2.1
Using method_source 1.0.0
Using puma 4.3.6
Using rack-proxy 0.6.5
Using thor 1.0.1
Using railties 6.0.3.3
Using sprockets 4.0.2
Using sprockets-rails 3.2.2
Using rails 6.0.3.3
Using rubyzip 2.3.0
Using sassc 2.4.0
Using tilt 2.0.10
Using sassc-rails 2.1.2
Using sass-rails 6.0.0
Using selenium-webdriver 3.142.7
Using spring 2.1.1
Using spring-watcher-listen 2.0.1
Using sqlite3 1.4.2
Using turbolinks-source 5.2.0
Using turbolinks 5.2.1
Using web-console 4.0.4
Using webdrivers 4.4.1
Using webpacker 4.3.0
Bundle complete! 17 Gemfile dependencies, 74 gems now installed.
Use `bundle info [gemname]` to see where a bundled gem is installed.
         run  bundle binstubs bundler
The dependency tzinfo-data (>= 0) will be unused by any of the platforms Bundler is installing for. Bundler is installing for ruby but the dependency is only for x86-mingw32, x86-mswin32, x64-mingw32, java. To add those platforms to the bundle, run `bundle lock --add-platform x86-mingw32 x86-mswin32 x64-mingw32 java`.
         run  bundle exec spring binstub --all
* bin/rake: Spring inserted
* bin/rails: Spring inserted
       rails  webpacker:install
      create  config/webpacker.yml
Copying webpack core config
      create  config/webpack
      create  config/webpack/development.js
      create  config/webpack/environment.js
      create  config/webpack/production.js
      create  config/webpack/test.js
Copying postcss.config.js to app root directory
      create  postcss.config.js
Copying babel.config.js to app root directory
      create  babel.config.js
Copying .browserslistrc to app root directory
      create  .browserslistrc
The JavaScript app source directory already exists
       apply  /Library/Ruby/Gems/2.6.0/gems/webpacker-4.3.0/lib/install/binstubs.rb
  Copying binstubs
       exist    bin
      create    bin/webpack
      create    bin/webpack-dev-server
      append  .gitignore
Installing all JavaScript dependencies [4.3.0]
         run  yarn add @rails/webpacker@4.3.0 from "."
yarn add v1.22.5
info No lockfile found.
[1/4] ðŸ”  Resolving packages...
warning @rails/webpacker > node-sass > request@2.88.2: request has been deprecated, see https://github.com/request/request/issues/3142
warning @rails/webpacker > node-sass > node-gyp > request@2.88.2: request has been deprecated, see https://github.com/request/request/issues/3142
warning @rails/webpacker > node-sass > request > har-validator@5.1.5: this library is no longer supported
warning @rails/webpacker > webpack > watchpack > watchpack-chokidar2 > chokidar@2.1.8: Chokidar 2 will break on node v14+. Upgrade to chokidar 3 with 15x less dependencies.
warning @rails/webpacker > webpack > watchpack > watchpack-chokidar2 > chokidar > fsevents@1.2.13: fsevents 1 will break on node v14+ and could be using insecure binaries. Upgrade to fsevents 2.
warning @rails/webpacker > webpack > micromatch > snapdragon > source-map-resolve > urix@0.1.0: Please see https://github.com/lydell/urix#deprecated
warning @rails/webpacker > webpack > micromatch > snapdragon > source-map-resolve > resolve-url@0.2.1: https://github.com/lydell/resolve-url#deprecated
[2/4] ðŸšš  Fetching packages...
[3/4] ðŸ”—  Linking dependencies...
[4/4] ðŸ”¨  Building fresh packages...
success Saved lockfile.
success Saved 592 new dependencies.
info Direct dependencies
â”œâ”€ @rails/actioncable@6.0.3
â”œâ”€ @rails/activestorage@6.0.3
â”œâ”€ @rails/ujs@6.0.3
â”œâ”€ @rails/webpacker@4.3.0
â””â”€ turbolinks@5.2.0
info All dependencies
â”œâ”€ @babel/code-frame@7.10.4
â”œâ”€ @babel/compat-data@7.11.0
â”œâ”€ @babel/core@7.11.6
â”œâ”€ @babel/generator@7.11.6
â”œâ”€ @babel/helper-builder-binary-assignment-operator-visitor@7.10.4
â”œâ”€ @babel/helper-compilation-targets@7.10.4
â”œâ”€ @babel/helper-define-map@7.10.5
â”œâ”€ @babel/helper-explode-assignable-expression@7.11.4
â”œâ”€ @babel/helper-hoist-variables@7.10.4
â”œâ”€ @babel/helper-member-expression-to-functions@7.11.0
â”œâ”€ @babel/helper-wrap-function@7.10.4
â”œâ”€ @babel/helpers@7.10.4
â”œâ”€ @babel/highlight@7.10.4
â”œâ”€ @babel/plugin-proposal-async-generator-functions@7.10.5
â”œâ”€ @babel/plugin-proposal-class-properties@7.10.4
â”œâ”€ @babel/plugin-proposal-dynamic-import@7.10.4
â”œâ”€ @babel/plugin-proposal-export-namespace-from@7.10.4
â”œâ”€ @babel/plugin-proposal-json-strings@7.10.4
â”œâ”€ @babel/plugin-proposal-logical-assignment-operators@7.11.0
â”œâ”€ @babel/plugin-proposal-nullish-coalescing-operator@7.10.4
â”œâ”€ @babel/plugin-proposal-numeric-separator@7.10.4
â”œâ”€ @babel/plugin-proposal-object-rest-spread@7.11.0
â”œâ”€ @babel/plugin-proposal-optional-catch-binding@7.10.4
â”œâ”€ @babel/plugin-proposal-optional-chaining@7.11.0
â”œâ”€ @babel/plugin-proposal-private-methods@7.10.4
â”œâ”€ @babel/plugin-proposal-unicode-property-regex@7.10.4
â”œâ”€ @babel/plugin-syntax-class-properties@7.10.4
â”œâ”€ @babel/plugin-syntax-top-level-await@7.10.4
â”œâ”€ @babel/plugin-transform-arrow-functions@7.10.4
â”œâ”€ @babel/plugin-transform-async-to-generator@7.10.4
â”œâ”€ @babel/plugin-transform-block-scoped-functions@7.10.4
â”œâ”€ @babel/plugin-transform-block-scoping@7.11.1
â”œâ”€ @babel/plugin-transform-classes@7.10.4
â”œâ”€ @babel/plugin-transform-computed-properties@7.10.4
â”œâ”€ @babel/plugin-transform-destructuring@7.10.4
â”œâ”€ @babel/plugin-transform-dotall-regex@7.10.4
â”œâ”€ @babel/plugin-transform-duplicate-keys@7.10.4
â”œâ”€ @babel/plugin-transform-exponentiation-operator@7.10.4
â”œâ”€ @babel/plugin-transform-for-of@7.10.4
â”œâ”€ @babel/plugin-transform-function-name@7.10.4
â”œâ”€ @babel/plugin-transform-literals@7.10.4
â”œâ”€ @babel/plugin-transform-member-expression-literals@7.10.4
â”œâ”€ @babel/plugin-transform-modules-amd@7.10.5
â”œâ”€ @babel/plugin-transform-modules-commonjs@7.10.4
â”œâ”€ @babel/plugin-transform-modules-systemjs@7.10.5
â”œâ”€ @babel/plugin-transform-modules-umd@7.10.4
â”œâ”€ @babel/plugin-transform-named-capturing-groups-regex@7.10.4
â”œâ”€ @babel/plugin-transform-new-target@7.10.4
â”œâ”€ @babel/plugin-transform-object-super@7.10.4
â”œâ”€ @babel/plugin-transform-property-literals@7.10.4
â”œâ”€ @babel/plugin-transform-regenerator@7.10.4
â”œâ”€ @babel/plugin-transform-reserved-words@7.10.4
â”œâ”€ @babel/plugin-transform-runtime@7.11.5
â”œâ”€ @babel/plugin-transform-shorthand-properties@7.10.4
â”œâ”€ @babel/plugin-transform-spread@7.11.0
â”œâ”€ @babel/plugin-transform-sticky-regex@7.10.4
â”œâ”€ @babel/plugin-transform-template-literals@7.10.5
â”œâ”€ @babel/plugin-transform-typeof-symbol@7.10.4
â”œâ”€ @babel/plugin-transform-unicode-escapes@7.10.4
â”œâ”€ @babel/plugin-transform-unicode-regex@7.10.4
â”œâ”€ @babel/preset-env@7.11.5
â”œâ”€ @babel/preset-modules@0.1.4
â”œâ”€ @babel/runtime@7.11.2
â”œâ”€ @npmcli/move-file@1.0.1
â”œâ”€ @rails/actioncable@6.0.3
â”œâ”€ @rails/activestorage@6.0.3
â”œâ”€ @rails/ujs@6.0.3
â”œâ”€ @rails/webpacker@4.3.0
â”œâ”€ @types/json-schema@7.0.6
â”œâ”€ @types/parse-json@4.0.0
â”œâ”€ @types/q@1.5.4
â”œâ”€ @webassemblyjs/floating-point-hex-parser@1.9.0
â”œâ”€ @webassemblyjs/helper-code-frame@1.9.0
â”œâ”€ @webassemblyjs/helper-fsm@1.9.0
â”œâ”€ @webassemblyjs/helper-wasm-section@1.9.0
â”œâ”€ @webassemblyjs/wasm-edit@1.9.0
â”œâ”€ @webassemblyjs/wasm-opt@1.9.0
â”œâ”€ @xtuc/ieee754@1.2.0
â”œâ”€ abbrev@1.1.1
â”œâ”€ acorn@6.4.1
â”œâ”€ ajv-errors@1.0.1
â”œâ”€ ajv-keywords@3.5.2
â”œâ”€ ajv@6.12.5
â”œâ”€ amdefine@1.0.1
â”œâ”€ ansi-styles@3.2.1
â”œâ”€ anymatch@3.1.1
â”œâ”€ are-we-there-yet@1.1.5
â”œâ”€ argparse@1.0.10
â”œâ”€ arr-flatten@1.1.0
â”œâ”€ array-find-index@1.0.2
â”œâ”€ asn1.js@5.4.1
â”œâ”€ asn1@0.2.4
â”œâ”€ assert@1.5.0
â”œâ”€ assign-symbols@1.0.0
â”œâ”€ async-each@1.0.3
â”œâ”€ async-foreach@0.1.3
â”œâ”€ asynckit@0.4.0
â”œâ”€ atob@2.1.2
â”œâ”€ autoprefixer@9.8.6
â”œâ”€ aws-sign2@0.7.0
â”œâ”€ aws4@1.10.1
â”œâ”€ babel-loader@8.1.0
â”œâ”€ babel-plugin-macros@2.8.0
â”œâ”€ base@0.11.2
â”œâ”€ base64-js@1.3.1
â”œâ”€ bcrypt-pbkdf@1.0.2
â”œâ”€ binary-extensions@2.1.0
â”œâ”€ bindings@1.5.0
â”œâ”€ block-stream@0.0.9
â”œâ”€ bluebird@3.7.2
â”œâ”€ boolbase@1.0.0
â”œâ”€ brace-expansion@1.1.11
â”œâ”€ braces@2.3.2
â”œâ”€ browserify-aes@1.2.0
â”œâ”€ browserify-cipher@1.0.1
â”œâ”€ browserify-des@1.0.2
â”œâ”€ browserify-rsa@4.0.1
â”œâ”€ browserify-sign@4.2.1
â”œâ”€ browserify-zlib@0.2.0
â”œâ”€ buffer-xor@1.0.3
â”œâ”€ buffer@4.9.2
â”œâ”€ builtin-status-codes@3.0.0
â”œâ”€ cacache@13.0.1
â”œâ”€ cache-base@1.0.1
â”œâ”€ caller-callsite@2.0.0
â”œâ”€ caller-path@2.0.0
â”œâ”€ callsites@2.0.0
â”œâ”€ camelcase-keys@2.1.0
â”œâ”€ camelcase@5.3.1
â”œâ”€ caniuse-lite@1.0.30001129
â”œâ”€ case-sensitive-paths-webpack-plugin@2.3.0
â”œâ”€ caseless@0.12.0
â”œâ”€ chokidar@3.4.2
â”œâ”€ chownr@1.1.4
â”œâ”€ chrome-trace-event@1.0.2
â”œâ”€ class-utils@0.3.6
â”œâ”€ clean-stack@2.2.0
â”œâ”€ cliui@5.0.0
â”œâ”€ clone-deep@4.0.1
â”œâ”€ coa@2.0.2
â”œâ”€ code-point-at@1.1.0
â”œâ”€ collection-visit@1.0.0
â”œâ”€ color-convert@1.9.3
â”œâ”€ color-name@1.1.3
â”œâ”€ color-string@1.5.3
â”œâ”€ color@3.1.2
â”œâ”€ colorette@1.2.1
â”œâ”€ combined-stream@1.0.8
â”œâ”€ commander@2.20.3
â”œâ”€ compression-webpack-plugin@4.0.1
â”œâ”€ concat-map@0.0.1
â”œâ”€ concat-stream@1.6.2
â”œâ”€ console-browserify@1.2.0
â”œâ”€ console-control-strings@1.1.0
â”œâ”€ constants-browserify@1.0.0
â”œâ”€ convert-source-map@1.7.0
â”œâ”€ copy-concurrently@1.0.5
â”œâ”€ copy-descriptor@0.1.1
â”œâ”€ core-js-compat@3.6.5
â”œâ”€ core-js@3.6.5
â”œâ”€ core-util-is@1.0.2
â”œâ”€ create-ecdh@4.0.4
â”œâ”€ create-hmac@1.1.7
â”œâ”€ cross-spawn@3.0.1
â”œâ”€ crypto-browserify@3.12.0
â”œâ”€ css-blank-pseudo@0.1.4
â”œâ”€ css-color-names@0.0.4
â”œâ”€ css-declaration-sorter@4.0.1
â”œâ”€ css-has-pseudo@0.10.0
â”œâ”€ css-loader@3.6.0
â”œâ”€ css-prefers-color-scheme@3.1.1
â”œâ”€ css-select-base-adapter@0.1.1
â”œâ”€ css-select@2.1.0
â”œâ”€ css-tree@1.0.0-alpha.37
â”œâ”€ css-what@3.3.0
â”œâ”€ cssdb@4.4.0
â”œâ”€ cssnano-preset-default@4.0.7
â”œâ”€ cssnano-util-raw-cache@4.0.1
â”œâ”€ cssnano-util-same-parent@4.0.1
â”œâ”€ cssnano@4.1.10
â”œâ”€ csso@4.0.3
â”œâ”€ currently-unhandled@0.4.1
â”œâ”€ cyclist@1.0.1
â”œâ”€ dashdash@1.14.1
â”œâ”€ debug@2.6.9
â”œâ”€ decamelize@1.2.0
â”œâ”€ decode-uri-component@0.2.0
â”œâ”€ delayed-stream@1.0.0
â”œâ”€ delegates@1.0.0
â”œâ”€ des.js@1.0.1
â”œâ”€ detect-file@1.0.0
â”œâ”€ diffie-hellman@5.0.3
â”œâ”€ dom-serializer@0.2.2
â”œâ”€ domain-browser@1.2.0
â”œâ”€ domelementtype@1.3.1
â”œâ”€ domutils@1.7.0
â”œâ”€ dot-prop@5.3.0
â”œâ”€ duplexify@3.7.1
â”œâ”€ ecc-jsbn@0.1.2
â”œâ”€ electron-to-chromium@1.3.567
â”œâ”€ emoji-regex@7.0.3
â”œâ”€ enhanced-resolve@4.3.0
â”œâ”€ entities@2.0.3
â”œâ”€ error-ex@1.3.2
â”œâ”€ escalade@3.0.2
â”œâ”€ escape-string-regexp@1.0.5
â”œâ”€ eslint-scope@4.0.3
â”œâ”€ esprima@4.0.1
â”œâ”€ esrecurse@4.3.0
â”œâ”€ estraverse@4.3.0
â”œâ”€ esutils@2.0.3
â”œâ”€ events@3.2.0
â”œâ”€ expand-brackets@2.1.4
â”œâ”€ expand-tilde@2.0.2
â”œâ”€ extend@3.0.2
â”œâ”€ extglob@2.0.4
â”œâ”€ extsprintf@1.3.0
â”œâ”€ fast-deep-equal@3.1.3
â”œâ”€ fast-json-stable-stringify@2.1.0
â”œâ”€ file-loader@4.3.0
â”œâ”€ file-uri-to-path@1.0.0
â”œâ”€ fill-range@4.0.0
â”œâ”€ findup-sync@3.0.0
â”œâ”€ flatted@2.0.2
â”œâ”€ flatten@1.0.3
â”œâ”€ flush-write-stream@1.1.1
â”œâ”€ for-in@1.0.2
â”œâ”€ forever-agent@0.6.1
â”œâ”€ form-data@2.3.3
â”œâ”€ from2@2.3.0
â”œâ”€ fs.realpath@1.0.0
â”œâ”€ fsevents@2.1.3
â”œâ”€ fstream@1.0.12
â”œâ”€ gauge@2.7.4
â”œâ”€ gaze@1.1.3
â”œâ”€ gensync@1.0.0-beta.1
â”œâ”€ get-caller-file@2.0.5
â”œâ”€ getpass@0.1.7
â”œâ”€ glob-parent@5.1.1
â”œâ”€ glob@7.1.6
â”œâ”€ global-modules@2.0.0
â”œâ”€ global-prefix@3.0.0
â”œâ”€ globule@1.3.2
â”œâ”€ har-schema@2.0.0
â”œâ”€ har-validator@5.1.5
â”œâ”€ has-ansi@2.0.0
â”œâ”€ has-unicode@2.0.1
â”œâ”€ has-value@1.0.0
â”œâ”€ hash.js@1.1.7
â”œâ”€ hex-color-regex@1.1.0
â”œâ”€ hmac-drbg@1.0.1
â”œâ”€ hosted-git-info@2.8.8
â”œâ”€ hsl-regex@1.0.0
â”œâ”€ hsla-regex@1.0.0
â”œâ”€ html-comment-regex@1.1.2
â”œâ”€ http-signature@1.2.0
â”œâ”€ https-browserify@1.0.0
â”œâ”€ icss-utils@4.1.1
â”œâ”€ ieee754@1.1.13
â”œâ”€ import-cwd@2.1.0
â”œâ”€ import-fresh@2.0.0
â”œâ”€ import-from@2.1.0
â”œâ”€ import-local@2.0.0
â”œâ”€ in-publish@2.0.1
â”œâ”€ indent-string@2.1.0
â”œâ”€ infer-owner@1.0.4
â”œâ”€ inflight@1.0.6
â”œâ”€ ini@1.3.5
â”œâ”€ interpret@1.4.0
â”œâ”€ is-absolute-url@2.1.0
â”œâ”€ is-accessor-descriptor@1.0.0
â”œâ”€ is-arrayish@0.2.1
â”œâ”€ is-binary-path@2.1.0
â”œâ”€ is-color-stop@1.1.0
â”œâ”€ is-data-descriptor@1.0.0
â”œâ”€ is-date-object@1.0.2
â”œâ”€ is-descriptor@1.0.2
â”œâ”€ is-directory@0.3.1
â”œâ”€ is-extglob@2.1.1
â”œâ”€ is-finite@1.1.0
â”œâ”€ is-glob@4.0.1
â”œâ”€ is-negative-zero@2.0.0
â”œâ”€ is-obj@2.0.0
â”œâ”€ is-plain-obj@1.1.0
â”œâ”€ is-plain-object@2.0.4
â”œâ”€ is-regex@1.1.1
â”œâ”€ is-resolvable@1.1.0
â”œâ”€ is-svg@3.0.0
â”œâ”€ is-symbol@1.0.3
â”œâ”€ is-typedarray@1.0.0
â”œâ”€ is-utf8@0.2.1
â”œâ”€ is-wsl@1.1.0
â”œâ”€ isarray@1.0.0
â”œâ”€ isexe@2.0.0
â”œâ”€ isstream@0.1.2
â”œâ”€ jest-worker@25.5.0
â”œâ”€ js-base64@2.6.4
â”œâ”€ js-tokens@4.0.0
â”œâ”€ jsesc@2.5.2
â”œâ”€ json-parse-better-errors@1.0.2
â”œâ”€ json-parse-even-better-errors@2.3.1
â”œâ”€ json-schema-traverse@0.4.1
â”œâ”€ json-schema@0.2.3
â”œâ”€ json-stringify-safe@5.0.1
â”œâ”€ jsprim@1.4.1
â”œâ”€ last-call-webpack-plugin@3.0.0
â”œâ”€ leven@3.1.0
â”œâ”€ lines-and-columns@1.1.6
â”œâ”€ load-json-file@1.1.0
â”œâ”€ loader-runner@2.4.0
â”œâ”€ locate-path@3.0.0
â”œâ”€ lodash.get@4.4.2
â”œâ”€ lodash.has@4.5.2
â”œâ”€ lodash.memoize@4.1.2
â”œâ”€ lodash.template@4.5.0
â”œâ”€ lodash.templatesettings@4.2.0
â”œâ”€ lodash.uniq@4.5.0
â”œâ”€ lodash@4.17.20
â”œâ”€ loose-envify@1.4.0
â”œâ”€ loud-rejection@1.6.0
â”œâ”€ make-dir@2.1.0
â”œâ”€ map-obj@1.0.1
â”œâ”€ map-visit@1.0.0
â”œâ”€ mdn-data@2.0.4
â”œâ”€ memory-fs@0.4.1
â”œâ”€ meow@3.7.0
â”œâ”€ merge-stream@2.0.0
â”œâ”€ micromatch@3.1.10
â”œâ”€ miller-rabin@4.0.1
â”œâ”€ mime-db@1.44.0
â”œâ”€ mime-types@2.1.27
â”œâ”€ mini-css-extract-plugin@0.8.2
â”œâ”€ minimalistic-crypto-utils@1.0.1
â”œâ”€ minimatch@3.0.4
â”œâ”€ minimist@1.2.5
â”œâ”€ minizlib@2.1.2
â”œâ”€ mississippi@3.0.0
â”œâ”€ mixin-deep@1.3.2
â”œâ”€ mkdirp@0.5.5
â”œâ”€ ms@2.0.0
â”œâ”€ nan@2.14.1
â”œâ”€ nanomatch@1.2.13
â”œâ”€ nice-try@1.0.5
â”œâ”€ node-gyp@3.8.0
â”œâ”€ node-libs-browser@2.2.1
â”œâ”€ node-releases@1.1.61
â”œâ”€ node-sass@4.14.1
â”œâ”€ nopt@3.0.6
â”œâ”€ normalize-package-data@2.5.0
â”œâ”€ normalize-range@0.1.2
â”œâ”€ normalize-url@1.9.1
â”œâ”€ npmlog@4.1.2
â”œâ”€ nth-check@1.0.2
â”œâ”€ num2fraction@1.2.2
â”œâ”€ number-is-nan@1.0.1
â”œâ”€ oauth-sign@0.9.0
â”œâ”€ object-assign@4.1.1
â”œâ”€ object-copy@0.1.0
â”œâ”€ object-inspect@1.8.0
â”œâ”€ object.getownpropertydescriptors@2.1.0
â”œâ”€ object.values@1.1.1
â”œâ”€ optimize-css-assets-webpack-plugin@5.0.4
â”œâ”€ os-browserify@0.3.0
â”œâ”€ os-homedir@1.0.2
â”œâ”€ os-tmpdir@1.0.2
â”œâ”€ osenv@0.1.5
â”œâ”€ p-limit@2.3.0
â”œâ”€ p-locate@3.0.0
â”œâ”€ p-map@3.0.0
â”œâ”€ p-try@2.2.0
â”œâ”€ pako@1.0.11
â”œâ”€ parallel-transform@1.2.0
â”œâ”€ parent-module@1.0.1
â”œâ”€ parse-asn1@5.1.6
â”œâ”€ parse-json@4.0.0
â”œâ”€ parse-passwd@1.0.0
â”œâ”€ pascalcase@0.1.1
â”œâ”€ path-browserify@0.0.1
â”œâ”€ path-complete-extname@1.0.0
â”œâ”€ path-dirname@1.0.2
â”œâ”€ path-exists@3.0.0
â”œâ”€ path-is-absolute@1.0.1
â”œâ”€ path-key@2.0.1
â”œâ”€ path-parse@1.0.6
â”œâ”€ path-type@4.0.0
â”œâ”€ performance-now@2.1.0
â”œâ”€ picomatch@2.2.2
â”œâ”€ pinkie@2.0.4
â”œâ”€ pnp-webpack-plugin@1.6.4
â”œâ”€ posix-character-classes@0.1.1
â”œâ”€ postcss-attribute-case-insensitive@4.0.2
â”œâ”€ postcss-calc@7.0.4
â”œâ”€ postcss-color-functional-notation@2.0.1
â”œâ”€ postcss-color-gray@5.0.0
â”œâ”€ postcss-color-hex-alpha@5.0.3
â”œâ”€ postcss-color-mod-function@3.0.3
â”œâ”€ postcss-color-rebeccapurple@4.0.1
â”œâ”€ postcss-colormin@4.0.3
â”œâ”€ postcss-convert-values@4.0.1
â”œâ”€ postcss-custom-media@7.0.8
â”œâ”€ postcss-custom-properties@8.0.11
â”œâ”€ postcss-custom-selectors@5.1.2
â”œâ”€ postcss-dir-pseudo-class@5.0.0
â”œâ”€ postcss-discard-comments@4.0.2
â”œâ”€ postcss-discard-duplicates@4.0.2
â”œâ”€ postcss-discard-empty@4.0.1
â”œâ”€ postcss-discard-overridden@4.0.1
â”œâ”€ postcss-double-position-gradients@1.0.0
â”œâ”€ postcss-env-function@2.0.2
â”œâ”€ postcss-flexbugs-fixes@4.2.1
â”œâ”€ postcss-focus-visible@4.0.0
â”œâ”€ postcss-focus-within@3.0.0
â”œâ”€ postcss-font-variant@4.0.0
â”œâ”€ postcss-gap-properties@2.0.0
â”œâ”€ postcss-image-set-function@3.0.1
â”œâ”€ postcss-import@12.0.1
â”œâ”€ postcss-initial@3.0.2
â”œâ”€ postcss-lab-function@2.0.1
â”œâ”€ postcss-load-config@2.1.0
â”œâ”€ postcss-loader@3.0.0
â”œâ”€ postcss-logical@3.0.0
â”œâ”€ postcss-media-minmax@4.0.0
â”œâ”€ postcss-merge-longhand@4.0.11
â”œâ”€ postcss-merge-rules@4.0.3
â”œâ”€ postcss-minify-font-values@4.0.2
â”œâ”€ postcss-minify-gradients@4.0.2
â”œâ”€ postcss-minify-params@4.0.2
â”œâ”€ postcss-minify-selectors@4.0.2
â”œâ”€ postcss-modules-extract-imports@2.0.0
â”œâ”€ postcss-modules-local-by-default@3.0.3
â”œâ”€ postcss-modules-scope@2.2.0
â”œâ”€ postcss-modules-values@3.0.0
â”œâ”€ postcss-nesting@7.0.1
â”œâ”€ postcss-normalize-charset@4.0.1
â”œâ”€ postcss-normalize-display-values@4.0.2
â”œâ”€ postcss-normalize-positions@4.0.2
â”œâ”€ postcss-normalize-repeat-style@4.0.2
â”œâ”€ postcss-normalize-string@4.0.2
â”œâ”€ postcss-normalize-timing-functions@4.0.2
â”œâ”€ postcss-normalize-unicode@4.0.1
â”œâ”€ postcss-normalize-url@4.0.1
â”œâ”€ postcss-normalize-whitespace@4.0.2
â”œâ”€ postcss-ordered-values@4.1.2
â”œâ”€ postcss-overflow-shorthand@2.0.0
â”œâ”€ postcss-page-break@2.0.0
â”œâ”€ postcss-place@4.0.1
â”œâ”€ postcss-preset-env@6.7.0
â”œâ”€ postcss-pseudo-class-any-link@6.0.0
â”œâ”€ postcss-reduce-initial@4.0.3
â”œâ”€ postcss-reduce-transforms@4.0.2
â”œâ”€ postcss-replace-overflow-wrap@3.0.0
â”œâ”€ postcss-safe-parser@4.0.2
â”œâ”€ postcss-selector-matches@4.0.0
â”œâ”€ postcss-selector-not@4.0.0
â”œâ”€ postcss-svgo@4.0.2
â”œâ”€ postcss-unique-selectors@4.0.1
â”œâ”€ prepend-http@1.0.4
â”œâ”€ process-nextick-args@2.0.1
â”œâ”€ process@0.11.10
â”œâ”€ prr@1.0.1
â”œâ”€ pseudomap@1.0.2
â”œâ”€ psl@1.8.0
â”œâ”€ public-encrypt@4.0.3
â”œâ”€ pump@3.0.0
â”œâ”€ pumpify@1.5.1
â”œâ”€ punycode@2.1.1
â”œâ”€ q@1.5.1
â”œâ”€ qs@6.5.2
â”œâ”€ query-string@4.3.4
â”œâ”€ querystring-es3@0.2.1
â”œâ”€ querystring@0.2.0
â”œâ”€ randomfill@1.0.4
â”œâ”€ read-cache@1.0.0
â”œâ”€ read-pkg-up@1.0.1
â”œâ”€ read-pkg@1.1.0
â”œâ”€ readable-stream@2.3.7
â”œâ”€ readdirp@3.4.0
â”œâ”€ redent@1.0.0
â”œâ”€ regenerate-unicode-properties@8.2.0
â”œâ”€ regenerator-runtime@0.13.7
â”œâ”€ regenerator-transform@0.14.5
â”œâ”€ regexpu-core@4.7.0
â”œâ”€ regjsgen@0.5.2
â”œâ”€ regjsparser@0.6.4
â”œâ”€ remove-trailing-separator@1.1.0
â”œâ”€ repeat-element@1.1.3
â”œâ”€ repeating@2.0.1
â”œâ”€ request@2.88.2
â”œâ”€ require-directory@2.1.1
â”œâ”€ require-main-filename@2.0.0
â”œâ”€ resolve-cwd@2.0.0
â”œâ”€ resolve-dir@1.0.1
â”œâ”€ resolve-url@0.2.1
â”œâ”€ resolve@1.17.0
â”œâ”€ ret@0.1.15
â”œâ”€ rgb-regex@1.0.1
â”œâ”€ rgba-regex@1.0.0
â”œâ”€ run-queue@1.0.3
â”œâ”€ sass-graph@2.2.5
â”œâ”€ sass-loader@7.3.1
â”œâ”€ sax@1.2.4
â”œâ”€ scss-tokenizer@0.2.3
â”œâ”€ semver@5.7.1
â”œâ”€ set-blocking@2.0.0
â”œâ”€ set-value@2.0.1
â”œâ”€ setimmediate@1.0.5
â”œâ”€ shallow-clone@3.0.1
â”œâ”€ shebang-command@1.2.0
â”œâ”€ shebang-regex@1.0.0
â”œâ”€ simple-swizzle@0.2.2
â”œâ”€ snapdragon-node@2.1.1
â”œâ”€ snapdragon-util@3.0.1
â”œâ”€ sort-keys@1.1.2
â”œâ”€ source-list-map@2.0.1
â”œâ”€ source-map-resolve@0.5.3
â”œâ”€ source-map-support@0.5.19
â”œâ”€ source-map-url@0.4.0
â”œâ”€ spark-md5@3.0.1
â”œâ”€ spdx-correct@3.1.1
â”œâ”€ spdx-exceptions@2.3.0
â”œâ”€ split-string@3.1.0
â”œâ”€ sprintf-js@1.0.3
â”œâ”€ sshpk@1.16.1
â”œâ”€ ssri@7.1.0
â”œâ”€ stable@0.1.8
â”œâ”€ static-extend@0.1.2
â”œâ”€ stdout-stream@1.4.1
â”œâ”€ stream-browserify@2.0.2
â”œâ”€ stream-each@1.2.3
â”œâ”€ stream-http@2.8.3
â”œâ”€ strict-uri-encode@1.1.0
â”œâ”€ string_decoder@1.3.0
â”œâ”€ strip-bom@2.0.0
â”œâ”€ strip-indent@1.0.1
â”œâ”€ style-loader@1.2.1
â”œâ”€ stylehacks@4.0.3
â”œâ”€ svgo@1.3.2
â”œâ”€ tar@2.2.2
â”œâ”€ terser-webpack-plugin@2.3.8
â”œâ”€ terser@4.8.0
â”œâ”€ through2@2.0.5
â”œâ”€ timers-browserify@2.0.11
â”œâ”€ timsort@0.3.0
â”œâ”€ to-arraybuffer@1.0.1
â”œâ”€ to-fast-properties@2.0.0
â”œâ”€ to-object-path@0.3.0
â”œâ”€ to-regex-range@2.1.1
â”œâ”€ tough-cookie@2.5.0
â”œâ”€ trim-newlines@1.0.0
â”œâ”€ true-case-path@1.0.3
â”œâ”€ ts-pnp@1.2.0
â”œâ”€ tslib@1.13.0
â”œâ”€ tty-browserify@0.0.0
â”œâ”€ tunnel-agent@0.6.0
â”œâ”€ turbolinks@5.2.0
â”œâ”€ tweetnacl@0.14.5
â”œâ”€ typedarray@0.0.6
â”œâ”€ unicode-canonical-property-names-ecmascript@1.0.4
â”œâ”€ unicode-match-property-ecmascript@1.0.4
â”œâ”€ unicode-match-property-value-ecmascript@1.2.0
â”œâ”€ unicode-property-aliases-ecmascript@1.1.0
â”œâ”€ union-value@1.0.1
â”œâ”€ unique-slug@2.0.2
â”œâ”€ unquote@1.1.1
â”œâ”€ unset-value@1.0.0
â”œâ”€ upath@1.2.0
â”œâ”€ uri-js@4.4.0
â”œâ”€ urix@0.1.0
â”œâ”€ url@0.11.0
â”œâ”€ use@3.1.1
â”œâ”€ util-deprecate@1.0.2
â”œâ”€ util.promisify@1.0.1
â”œâ”€ util@0.11.1
â”œâ”€ uuid@3.4.0
â”œâ”€ v8-compile-cache@2.1.1
â”œâ”€ validate-npm-package-license@3.0.4
â”œâ”€ vendors@1.0.4
â”œâ”€ verror@1.10.0
â”œâ”€ vm-browserify@1.1.2
â”œâ”€ watchpack-chokidar2@2.0.0
â”œâ”€ watchpack@1.7.4
â”œâ”€ webpack-assets-manifest@3.1.1
â”œâ”€ webpack-cli@3.3.12
â”œâ”€ webpack@4.44.1
â”œâ”€ which-module@2.0.0
â”œâ”€ which@1.3.1
â”œâ”€ wide-align@1.1.3
â”œâ”€ worker-farm@1.7.0
â”œâ”€ wrap-ansi@5.1.0
â”œâ”€ xtend@4.0.2
â”œâ”€ yaml@1.10.0
â””â”€ yargs-parser@13.1.2
âœ¨  Done in 38.59s.
Installing dev server for live reloading
         run  yarn add --dev webpack-dev-server from "."
yarn add v1.22.5
[1/4] ðŸ”  Resolving packages...
[2/4] ðŸšš  Fetching packages...
[3/4] ðŸ”—  Linking dependencies...
warning "webpack-dev-server > webpack-dev-middleware@3.7.2" has unmet peer dependency "webpack@^4.0.0".
warning " > webpack-dev-server@3.11.0" has unmet peer dependency "webpack@^4.0.0 || ^5.0.0".
[4/4] ðŸ”¨  Building fresh packages...
success Saved lockfile.
success Saved 102 new dependencies.
info Direct dependencies
â””â”€ webpack-dev-server@3.11.0
info All dependencies
â”œâ”€ @types/glob@7.1.3
â”œâ”€ @types/minimatch@3.0.3
â”œâ”€ @types/node@14.10.1
â”œâ”€ accepts@1.3.7
â”œâ”€ ansi-colors@3.2.4
â”œâ”€ ansi-html@0.0.7
â”œâ”€ array-flatten@1.1.1
â”œâ”€ array-union@1.0.2
â”œâ”€ array-uniq@1.0.3
â”œâ”€ async-limiter@1.0.1
â”œâ”€ async@2.6.3
â”œâ”€ batch@0.6.1
â”œâ”€ body-parser@1.19.0
â”œâ”€ bonjour@3.5.0
â”œâ”€ buffer-indexof@1.1.1
â”œâ”€ compressible@2.0.18
â”œâ”€ compression@1.7.4
â”œâ”€ connect-history-api-fallback@1.6.0
â”œâ”€ content-disposition@0.5.3
â”œâ”€ cookie-signature@1.0.6
â”œâ”€ cookie@0.4.0
â”œâ”€ deep-equal@1.1.1
â”œâ”€ default-gateway@4.2.0
â”œâ”€ del@4.1.1
â”œâ”€ destroy@1.0.4
â”œâ”€ detect-node@2.0.4
â”œâ”€ dns-equal@1.0.0
â”œâ”€ dns-packet@1.3.1
â”œâ”€ dns-txt@2.0.2
â”œâ”€ ee-first@1.1.1
â”œâ”€ eventemitter3@4.0.7
â”œâ”€ eventsource@1.0.7
â”œâ”€ execa@1.0.0
â”œâ”€ express@4.17.1
â”œâ”€ faye-websocket@0.10.0
â”œâ”€ finalhandler@1.1.2
â”œâ”€ follow-redirects@1.13.0
â”œâ”€ forwarded@0.1.2
â”œâ”€ get-stream@4.1.0
â”œâ”€ globby@6.1.0
â”œâ”€ handle-thing@2.0.1
â”œâ”€ hpack.js@2.1.6
â”œâ”€ html-entities@1.3.1
â”œâ”€ http-deceiver@1.2.7
â”œâ”€ http-parser-js@0.5.2
â”œâ”€ http-proxy-middleware@0.19.1
â”œâ”€ http-proxy@1.18.1
â”œâ”€ internal-ip@4.3.0
â”œâ”€ ip-regex@2.1.0
â”œâ”€ ip@1.1.5
â”œâ”€ ipaddr.js@1.9.1
â”œâ”€ is-absolute-url@3.0.3
â”œâ”€ is-arguments@1.0.4
â”œâ”€ is-path-cwd@2.2.0
â”œâ”€ is-path-in-cwd@2.1.0
â”œâ”€ is-path-inside@2.1.0
â”œâ”€ is-stream@1.1.0
â”œâ”€ json3@3.3.3
â”œâ”€ killable@1.0.1
â”œâ”€ loglevel@1.7.0
â”œâ”€ media-typer@0.3.0
â”œâ”€ merge-descriptors@1.0.1
â”œâ”€ methods@1.1.2
â”œâ”€ mime@2.4.6
â”œâ”€ multicast-dns-service-types@1.1.0
â”œâ”€ multicast-dns@6.2.3
â”œâ”€ negotiator@0.6.2
â”œâ”€ node-forge@0.9.0
â”œâ”€ npm-run-path@2.0.2
â”œâ”€ object-is@1.1.2
â”œâ”€ obuf@1.1.2
â”œâ”€ on-headers@1.0.2
â”œâ”€ opn@5.5.0
â”œâ”€ original@1.0.2
â”œâ”€ p-finally@1.0.0
â”œâ”€ p-map@2.1.0
â”œâ”€ p-retry@3.0.1
â”œâ”€ path-is-inside@1.0.2
â”œâ”€ path-to-regexp@0.1.7
â”œâ”€ portfinder@1.0.28
â”œâ”€ proxy-addr@2.0.6
â”œâ”€ querystringify@2.2.0
â”œâ”€ raw-body@2.4.0
â”œâ”€ regexp.prototype.flags@1.3.0
â”œâ”€ retry@0.12.0
â”œâ”€ select-hose@2.0.0
â”œâ”€ selfsigned@1.10.7
â”œâ”€ serve-index@1.9.1
â”œâ”€ serve-static@1.14.1
â”œâ”€ sockjs-client@1.4.0
â”œâ”€ sockjs@0.3.20
â”œâ”€ spdy-transport@3.0.0
â”œâ”€ spdy@4.0.2
â”œâ”€ strip-eof@1.0.0
â”œâ”€ thunky@1.1.0
â”œâ”€ type-is@1.6.18
â”œâ”€ unpipe@1.0.0
â”œâ”€ utils-merge@1.0.1
â”œâ”€ wbuf@1.7.3
â”œâ”€ webpack-dev-middleware@3.7.2
â”œâ”€ webpack-dev-server@3.11.0
â””â”€ ws@6.2.1
âœ¨  Done in 11.04s.
Webpacker successfully installed ðŸŽ‰ ðŸ°
Minhs-MacBook-Pro-2:blogger minh$ cd blogger
Minhs-MacBook-Pro-2:blogger minh$ code .
Minhs-MacBook-Pro-2:blogger minh$ bin/rails server
=> Booting Puma
=> Rails 6.0.3.3 application starting in development 
=> Run `rails server --help` for more startup options
Puma starting in single mode...
* Version 4.3.6 (ruby 2.6.3-p62), codename: Mysterious Traveller
* Min threads: 5, max threads: 5
* Environment: development
* Listening on tcp://127.0.0.1:3000
* Listening on tcp://[::1]:3000
Use Ctrl-C to stop
Started GET "/" for 127.0.0.1 at 2020-09-14 16:53:08 +0700
   (4.1ms)  SELECT sqlite_version(*)
Processing by Rails::WelcomeController#index as HTML
  Rendering /Library/Ruby/Gems/2.6.0/gems/railties-6.0.3.3/lib/rails/templates/rails/welcome/index.html.erb
  Rendered /Library/Ruby/Gems/2.6.0/gems/railties-6.0.3.3/lib/rails/templates/rails/welcome/index.html.erb (Duration: 12.3ms | Allocations: 479)
Completed 200 OK in 64ms (Views: 43.7ms | ActiveRecord: 0.0ms | Allocations: 2727)


Started GET "/" for ::1 at 2020-09-14 16:53:37 +0700
Processing by Rails::WelcomeController#index as HTML
  Rendering /Library/Ruby/Gems/2.6.0/gems/railties-6.0.3.3/lib/rails/templates/rails/welcome/index.html.erb
  Rendered /Library/Ruby/Gems/2.6.0/gems/railties-6.0.3.3/lib/rails/templates/rails/welcome/index.html.erb (Duration: 14.8ms | Allocations: 335)
Completed 200 OK in 18ms (Views: 16.1ms | ActiveRecord: 0.0ms | Allocations: 1093)


^C- Gracefully stopping, waiting for requests to finish
=== puma shutdown: 2020-09-14 16:59:47 +0700 ===
- Goodbye!
Exiting
Minhs-MacBook-Pro-2:blogger minh$ bin/rails generate model Article
Running via Spring preloader in process 3706
      invoke  active_record
      create    db/migrate/20200914100000_create_articles.rb
      create    app/models/article.rb
      invoke    test_unit
      create      test/models/article_test.rb
      create      test/fixtures/articles.yml
Minhs-MacBook-Pro-2:blogger minh$ bin/rake db:migrate
Running via Spring preloader in process 3785
== 20200914100000 CreateArticles: migrating ===================================
-- create_table(:articles)
   -> 0.0024s
== 20200914100000 CreateArticles: migrated (0.0027s) ==========================

Minhs-MacBook-Pro-2:blogger minh$ bin/rails console
Running via Spring preloader in process 3792
Loading development environment (Rails 6.0.3.3)

WARNING: This version of ruby is included in macOS for compatibility with legacy software. 
In future versions of macOS the ruby runtime will not be available by 
default, and may require you to install an additional package.

irb(main):001:0> time.now
Traceback (most recent call last):
        1: from (irb):1
NameError (undefined local variable or method `time' for main:Object)
Did you mean?  timeout
irb(main):002:0> Time.now
=> 2020-09-14 17:25:01 +0700
irb(main):003:0> Article.all
   (1.4ms)  SELECT sqlite_version(*)
  Article Load (0.5ms)  SELECT "articles".* FROM "articles" LIMIT ?  [["LIMIT", 11]]
=> #<ActiveRecord::Relation []>
irb(main):004:0> Article.new
=> #<Article id: nil, title: nil, body: nil, created_at: nil, updated_at: nil>
irb(main):005:0> a = Article.new
=> #<Article id: nil, title: nil, body: nil, created_at: nil, updated_at: nil>
irb(main):006:0> a.title = "Sample 
irb(main):007:0" a.title = "Sample Article Title"
irb(main):008:0" a.body = "This is the text for my article"
irb(main):009:1" a.save
irb(main):010:1" Article.all
irb(main):011:1" 
irb(main):012:1" exit
irb(main):013:1" Article.all
irb(main):014:1" 
irb(main):015:1" 
irb(main):016:1" 
irb(main):017:1" "
irb(main):018:1> a.body = "this is the text for my article"
irb(main):019:1> a.save
irb(main):020:1> Article.all
irb(main):021:1> a.title = "no"
irb(main):022:1> a.body
irb(main):023:1> a.save
irb(main):024:1> Article.all
irb(main):025:1> exit
irb(main):026:1> ^D
Traceback (most recent call last):
SyntaxError ((irb):7: syntax error, unexpected tCONSTANT, expecting end-of-input)
a.title = "Sample Article Title"
           ^~~~~~
Minhs-MacBook-Pro-2:blogger minh$ bin/rails console
Running via Spring preloader in process 3813
Loading development environment (Rails 6.0.3.3)

WARNING: This version of ruby is included in macOS for compatibility with legacy software. 
In future versions of macOS the ruby runtime will not be available by 
default, and may require you to install an additional package.

irb(main):001:0> Article.all
   (1.3ms)  SELECT sqlite_version(*)
  Article Load (0.5ms)  SELECT "articles".* FROM "articles" LIMIT ?  [["LIMIT", 11]]
=> #<ActiveRecord::Relation []>
irb(main):002:0> a = Article.new
=> #<Article id: nil, title: nil, body: nil, created_at: nil, updated_at: nil>
irb(main):003:0> a.title = "no"
=> "no"
irb(main):004:0> a.body = "body"
=> "body"
irb(main):005:0> a.save
   (0.1ms)  begin transaction
  Article Create (2.4ms)  INSERT INTO "articles" ("title", "body", "created_at", "updated_at") VALUES (?, ?, ?, ?)  [["title", "no"], ["body", "body"], ["created_at", "2020-09-14 10:32:48.858914"], ["updated_at", "2020-09-14 10:32:48.858914"]]
   (1.0ms)  commit transaction
=> true
irb(main):006:0> Article.all
  Article Load (0.2ms)  SELECT "articles".* FROM "articles" LIMIT ?  [["LIMIT", 11]]
=> #<ActiveRecord::Relation [#<Article id: 1, title: "no", body: "body", created_at: "2020-09-14 10:32:48", updated_at: "2020-09-14 10:32:48">]>
irb(main):007:0> a1 = Article.new
=> #<Article id: nil, title: nil, body: nil, created_at: nil, updated_at: nil>
irb(main):008:0> a1.title = "a1 title "
=> "a1 title "
irb(main):009:0> a1.body = "a1 body"
=> "a1 body"
irb(main):010:0> a.save
=> true
irb(main):011:0> a1.save
   (0.1ms)  begin transaction
  Article Create (0.6ms)  INSERT INTO "articles" ("title", "body", "created_at", "updated_at") VALUES (?, ?, ?, ?)  [["title", "a1 title "], ["body", "a1 body"], ["created_at", "2020-09-14 10:33:39.573096"], ["updated_at", "2020-09-14 10:33:39.573096"]]
   (2.3ms)  commit transaction
=> true
irb(main):012:0> Article.all
  Article Load (0.2ms)  SELECT "articles".* FROM "articles" LIMIT ?  [["LIMIT", 11]]
=> #<ActiveRecord::Relation [#<Article id: 1, title: "no", body: "body", created_at: "2020-09-14 10:32:48", updated_at: "2020-09-14 10:32:48">, #<Article id: 2, title: "a1 title ", body: "a1 body", created_at: "2020-09-14 10:33:39", updated_at: "2020-09-14 10:33:39">]>
irb(main):013:0> 
